[2021-10-16 22:28:16.925] [exthost] [info] extension host started
[2021-10-16 22:28:16.925] [exthost] [info] Skipping acquiring lock for /home/isidor/.config/Code - OSS/User/workspaceStorage/2c0e0bcc59a99ce14edfadd1b1646349.
[2021-10-16 22:28:17.053] [exthost] [info] ExtensionService#_doActivateExtension vscode.typescript-language-features, startup: false, activationEvent: 'onLanguage:typescript'
[2021-10-16 22:28:17.053] [exthost] [info] ExtensionService#loadCommonJSModule file:///usr/lib/code/extensions/typescript-language-features/dist/extension
[2021-10-16 22:28:17.116] [exthost] [info] ExtensionService#_doActivateExtension vscode.debug-auto-launch, startup: true, activationEvent: '*'
[2021-10-16 22:28:17.116] [exthost] [info] ExtensionService#loadCommonJSModule file:///usr/lib/code/extensions/debug-auto-launch/dist/extension
[2021-10-16 22:28:17.119] [exthost] [info] ExtensionService#_doActivateExtension vscode.git, startup: true, activationEvent: '*', root cause: vscode.github
[2021-10-16 22:28:17.119] [exthost] [info] ExtensionService#loadCommonJSModule file:///usr/lib/code/extensions/git/dist/main
[2021-10-16 22:28:17.141] [exthost] [info] ExtensionService#_doActivateExtension vscode.npm, startup: true, activationEvent: 'workspaceContains:package.json'
[2021-10-16 22:28:17.141] [exthost] [info] ExtensionService#loadCommonJSModule file:///usr/lib/code/extensions/npm/dist/npmMain
[2021-10-16 22:28:17.565] [exthost] [info] ExtensionService#_doActivateExtension vscode.github, startup: true, activationEvent: '*'
[2021-10-16 22:28:17.565] [exthost] [info] ExtensionService#loadCommonJSModule file:///usr/lib/code/extensions/github/dist/extension.js
[2021-10-16 22:28:17.596] [exthost] [info] ExtensionService#_doActivateExtension ms-vscode.js-debug, startup: false, activationEvent: 'onCommand:extension.js-debug.clearAutoAttachVariables'
[2021-10-16 22:28:17.597] [exthost] [info] ExtensionService#loadCommonJSModule file:///usr/lib/code/extensions/ms-vscode.js-debug/src/extension.js
[2021-10-16 22:28:17.805] [exthost] [info] eager extensions activated
[2021-10-16 22:28:17.809] [exthost] [info] ExtensionService#_doActivateExtension vscode.emmet, startup: false, activationEvent: 'onStartupFinished'
[2021-10-16 22:28:17.809] [exthost] [info] ExtensionService#loadCommonJSModule file:///usr/lib/code/extensions/emmet/dist/node/emmetNodeMain
[2021-10-16 22:28:17.827] [exthost] [info] ExtensionService#_doActivateExtension vscode.merge-conflict, startup: false, activationEvent: 'onStartupFinished'
[2021-10-16 22:28:17.827] [exthost] [info] ExtensionService#loadCommonJSModule file:///usr/lib/code/extensions/merge-conflict/dist/mergeConflictMain
[2021-10-16 22:28:17.830] [exthost] [info] ExtensionService#_doActivateExtension dbaeumer.vscode-eslint, startup: false, activationEvent: 'onStartupFinished'
[2021-10-16 22:28:17.830] [exthost] [info] ExtensionService#loadCommonJSModule file:///home/isidor/.vscode-oss/extensions/dbaeumer.vscode-eslint-2.1.20/client/out/extension
[2021-10-16 22:28:18.836] [exthost] [info] ExtensionService#_doActivateExtension vscode.configuration-editing, startup: false, activationEvent: 'onLanguage:jsonc'
[2021-10-16 22:28:18.836] [exthost] [info] ExtensionService#loadCommonJSModule file:///usr/lib/code/extensions/configuration-editing/dist/configurationEditingMain
[2021-10-16 22:28:18.839] [exthost] [info] ExtensionService#_doActivateExtension vscode.json-language-features, startup: false, activationEvent: 'onLanguage:jsonc'
[2021-10-16 22:28:18.839] [exthost] [info] ExtensionService#loadCommonJSModule file:///usr/lib/code/extensions/json-language-features/client/dist/node/jsonClientMain
[2021-10-16 22:39:19.942] [exthost] [info] ExtensionService#_doActivateExtension vscode.extension-editing, startup: false, activationEvent: 'onLanguage:json'
[2021-10-16 22:39:19.942] [exthost] [info] ExtensionService#loadCommonJSModule file:///usr/lib/code/extensions/extension-editing/dist/extensionEditingMain
[2021-10-16 22:39:20.912] [exthost] [error] [vscode.json-language-features] provider FAILED
[2021-10-16 22:39:20.918] [exthost] [error] Canceled: Canceled
	at b.makeCancelError (/usr/lib/code/extensions/json-language-features/client/dist/node/jsonClientMain.js:1:458291)
	at b.handleFailedRequest (/usr/lib/code/extensions/json-language-features/client/dist/node/jsonClientMain.js:1:458142)
	at /usr/lib/code/extensions/json-language-features/client/dist/node/jsonClientMain.js:1:418357
	at runNextTicks (internal/process/task_queues.js:58:5)
	at processImmediate (internal/timers.js:434:9)
	at async s.provideHover (/usr/lib/code/out/vs/workbench/services/extensions/node/extensionHostProcess.js:94:170095)
[2021-10-16 22:43:17.419] [exthost] [info] ExtensionService#_doActivateExtension vscode.simple-browser, startup: false, activationEvent: 'onOpenExternalUri:https'
[2021-10-16 22:43:17.419] [exthost] [info] ExtensionService#loadCommonJSModule file:///usr/lib/code/extensions/simple-browser/dist/extension
[2021-10-16 23:26:11.015] [exthost] [error] [vscode.typescript-language-features] provider FAILED
[2021-10-16 23:26:11.015] [exthost] [error] Error: <semantic> TypeScript Server Error (4.4.4)
Debug Failure. Could not find symbol in specified module for code actions
Error: Debug Failure. Could not find symbol in specified module for code actions
    at getSymbolExportInfoForSymbol (/home/isidor/Projects/ts-test/node_modules/typescript/lib/tsserver.js:145285:29)
    at Object.getImportCompletionAction (/home/isidor/Projects/ts-test/node_modules/typescript/lib/tsserver.js:145261:20)
    at getCompletionEntryCodeActionsAndSourceDisplay (/home/isidor/Projects/ts-test/node_modules/typescript/lib/tsserver.js:126515:33)
    at Object.getCompletionEntryDetails (/home/isidor/Projects/ts-test/node_modules/typescript/lib/tsserver.js:126472:30)
    at Proxy.getCompletionEntryDetails (/home/isidor/Projects/ts-test/node_modules/typescript/lib/tsserver.js:156798:35)
    at /home/isidor/Projects/ts-test/node_modules/typescript/lib/tsserver.js:168262:57
    at Object.mapDefined (/home/isidor/Projects/ts-test/node_modules/typescript/lib/tsserver.js:616:30)
    at IOSession.Session.getCompletionEntryDetails (/home/isidor/Projects/ts-test/node_modules/typescript/lib/tsserver.js:168260:33)
    at Session.handlers.ts.Map.ts.getEntries._a.<computed> (/home/isidor/Projects/ts-test/node_modules/typescript/lib/tsserver.js:167087:61)
    at /home/isidor/Projects/ts-test/node_modules/typescript/lib/tsserver.js:168880:88
    at IOSession.Session.executeWithRequestId (/home/isidor/Projects/ts-test/node_modules/typescript/lib/tsserver.js:168871:28)
    at IOSession.Session.executeCommand (/home/isidor/Projects/ts-test/node_modules/typescript/lib/tsserver.js:168880:33)
    at IOSession.Session.onMessage (/home/isidor/Projects/ts-test/node_modules/typescript/lib/tsserver.js:168906:35)
    at Interface.<anonymous> (/home/isidor/Projects/ts-test/node_modules/typescript/lib/tsserver.js:171511:31)
    at Interface.emit (events.js:315:20)
    at Interface._onLine (readline.js:337:10)
    at Interface._normalWrite (readline.js:482:12)
    at Socket.ondata (readline.js:194:10)
    at Socket.emit (events.js:315:20)
    at addChunk (internal/streams/readable.js:309:12)
    at readableAddChunk (internal/streams/readable.js:284:9)
    at Socket.Readable.push (internal/streams/readable.js:223:10)
    at Pipe.onStreamRead (internal/stream_base_commons.js:188:23)
	at Function.create (/usr/lib/code/extensions/typescript-language-features/dist/extension.js:1:459856)
	at dispatchResponse (/usr/lib/code/extensions/typescript-language-features/dist/extension.js:1:453692)
	at dispatchMessage (/usr/lib/code/extensions/typescript-language-features/dist/extension.js:1:452549)
	at /usr/lib/code/extensions/typescript-language-features/dist/extension.js:1:452034
	at a.fire (/usr/lib/code/out/vs/workbench/services/extensions/node/extensionHostProcess.js:66:1712)
	at m.onLengthData (/usr/lib/code/extensions/typescript-language-features/dist/extension.js:1:462785)
	at Socket.<anonymous> (/usr/lib/code/extensions/typescript-language-features/dist/extension.js:1:462432)
	at Socket.emit (events.js:315:20)
	at addChunk (internal/streams/readable.js:309:12)
	at readableAddChunk (internal/streams/readable.js:284:9)
	at Socket.Readable.push (internal/streams/readable.js:223:10)
	at Pipe.onStreamRead (internal/stream_base_commons.js:188:23)
[2021-10-16 23:26:20.273] [exthost] [error] [vscode.typescript-language-features] provider FAILED
[2021-10-16 23:26:20.273] [exthost] [error] Error: <semantic> TypeScript Server Error (4.4.4)
Debug Failure. Could not find symbol in specified module for code actions
Error: Debug Failure. Could not find symbol in specified module for code actions
    at getSymbolExportInfoForSymbol (/home/isidor/Projects/ts-test/node_modules/typescript/lib/tsserver.js:145285:29)
    at Object.getImportCompletionAction (/home/isidor/Projects/ts-test/node_modules/typescript/lib/tsserver.js:145261:20)
    at getCompletionEntryCodeActionsAndSourceDisplay (/home/isidor/Projects/ts-test/node_modules/typescript/lib/tsserver.js:126515:33)
    at Object.getCompletionEntryDetails (/home/isidor/Projects/ts-test/node_modules/typescript/lib/tsserver.js:126472:30)
    at Proxy.getCompletionEntryDetails (/home/isidor/Projects/ts-test/node_modules/typescript/lib/tsserver.js:156798:35)
    at /home/isidor/Projects/ts-test/node_modules/typescript/lib/tsserver.js:168262:57
    at Object.mapDefined (/home/isidor/Projects/ts-test/node_modules/typescript/lib/tsserver.js:616:30)
    at IOSession.Session.getCompletionEntryDetails (/home/isidor/Projects/ts-test/node_modules/typescript/lib/tsserver.js:168260:33)
    at Session.handlers.ts.Map.ts.getEntries._a.<computed> (/home/isidor/Projects/ts-test/node_modules/typescript/lib/tsserver.js:167087:61)
    at /home/isidor/Projects/ts-test/node_modules/typescript/lib/tsserver.js:168880:88
    at IOSession.Session.executeWithRequestId (/home/isidor/Projects/ts-test/node_modules/typescript/lib/tsserver.js:168871:28)
    at IOSession.Session.executeCommand (/home/isidor/Projects/ts-test/node_modules/typescript/lib/tsserver.js:168880:33)
    at IOSession.Session.onMessage (/home/isidor/Projects/ts-test/node_modules/typescript/lib/tsserver.js:168906:35)
    at Interface.<anonymous> (/home/isidor/Projects/ts-test/node_modules/typescript/lib/tsserver.js:171511:31)
    at Interface.emit (events.js:315:20)
    at Interface._onLine (readline.js:337:10)
    at Interface._normalWrite (readline.js:482:12)
    at Socket.ondata (readline.js:194:10)
    at Socket.emit (events.js:315:20)
    at addChunk (internal/streams/readable.js:309:12)
    at readableAddChunk (internal/streams/readable.js:284:9)
    at Socket.Readable.push (internal/streams/readable.js:223:10)
    at Pipe.onStreamRead (internal/stream_base_commons.js:188:23)
	at Function.create (/usr/lib/code/extensions/typescript-language-features/dist/extension.js:1:459856)
	at dispatchResponse (/usr/lib/code/extensions/typescript-language-features/dist/extension.js:1:453692)
	at dispatchMessage (/usr/lib/code/extensions/typescript-language-features/dist/extension.js:1:452549)
	at /usr/lib/code/extensions/typescript-language-features/dist/extension.js:1:452034
	at a.fire (/usr/lib/code/out/vs/workbench/services/extensions/node/extensionHostProcess.js:66:1712)
	at m.onLengthData (/usr/lib/code/extensions/typescript-language-features/dist/extension.js:1:462785)
	at Socket.<anonymous> (/usr/lib/code/extensions/typescript-language-features/dist/extension.js:1:462432)
	at Socket.emit (events.js:315:20)
	at addChunk (internal/streams/readable.js:309:12)
	at readableAddChunk (internal/streams/readable.js:284:9)
	at Socket.Readable.push (internal/streams/readable.js:223:10)
	at Pipe.onStreamRead (internal/stream_base_commons.js:188:23)
[2021-10-16 23:31:26.835] [exthost] [error] [vscode.typescript-language-features] provider FAILED
[2021-10-16 23:31:26.835] [exthost] [error] Error: <semantic> TypeScript Server Error (4.4.4)
Debug Failure. Could not find symbol in specified module for code actions
Error: Debug Failure. Could not find symbol in specified module for code actions
    at getSymbolExportInfoForSymbol (/home/isidor/Projects/ts-test/node_modules/typescript/lib/tsserver.js:145285:29)
    at Object.getImportCompletionAction (/home/isidor/Projects/ts-test/node_modules/typescript/lib/tsserver.js:145261:20)
    at getCompletionEntryCodeActionsAndSourceDisplay (/home/isidor/Projects/ts-test/node_modules/typescript/lib/tsserver.js:126515:33)
    at Object.getCompletionEntryDetails (/home/isidor/Projects/ts-test/node_modules/typescript/lib/tsserver.js:126472:30)
    at Proxy.getCompletionEntryDetails (/home/isidor/Projects/ts-test/node_modules/typescript/lib/tsserver.js:156798:35)
    at /home/isidor/Projects/ts-test/node_modules/typescript/lib/tsserver.js:168262:57
    at Object.mapDefined (/home/isidor/Projects/ts-test/node_modules/typescript/lib/tsserver.js:616:30)
    at IOSession.Session.getCompletionEntryDetails (/home/isidor/Projects/ts-test/node_modules/typescript/lib/tsserver.js:168260:33)
    at Session.handlers.ts.Map.ts.getEntries._a.<computed> (/home/isidor/Projects/ts-test/node_modules/typescript/lib/tsserver.js:167087:61)
    at /home/isidor/Projects/ts-test/node_modules/typescript/lib/tsserver.js:168880:88
    at IOSession.Session.executeWithRequestId (/home/isidor/Projects/ts-test/node_modules/typescript/lib/tsserver.js:168871:28)
    at IOSession.Session.executeCommand (/home/isidor/Projects/ts-test/node_modules/typescript/lib/tsserver.js:168880:33)
    at IOSession.Session.onMessage (/home/isidor/Projects/ts-test/node_modules/typescript/lib/tsserver.js:168906:35)
    at Interface.<anonymous> (/home/isidor/Projects/ts-test/node_modules/typescript/lib/tsserver.js:171511:31)
    at Interface.emit (events.js:315:20)
    at Interface._onLine (readline.js:337:10)
    at Interface._normalWrite (readline.js:482:12)
    at Socket.ondata (readline.js:194:10)
    at Socket.emit (events.js:315:20)
    at addChunk (internal/streams/readable.js:309:12)
    at readableAddChunk (internal/streams/readable.js:284:9)
    at Socket.Readable.push (internal/streams/readable.js:223:10)
    at Pipe.onStreamRead (internal/stream_base_commons.js:188:23)
	at Function.create (/usr/lib/code/extensions/typescript-language-features/dist/extension.js:1:459856)
	at dispatchResponse (/usr/lib/code/extensions/typescript-language-features/dist/extension.js:1:453692)
	at dispatchMessage (/usr/lib/code/extensions/typescript-language-features/dist/extension.js:1:452549)
	at /usr/lib/code/extensions/typescript-language-features/dist/extension.js:1:452034
	at a.fire (/usr/lib/code/out/vs/workbench/services/extensions/node/extensionHostProcess.js:66:1712)
	at m.onLengthData (/usr/lib/code/extensions/typescript-language-features/dist/extension.js:1:462785)
	at Socket.<anonymous> (/usr/lib/code/extensions/typescript-language-features/dist/extension.js:1:462432)
	at Socket.emit (events.js:315:20)
	at addChunk (internal/streams/readable.js:309:12)
	at readableAddChunk (internal/streams/readable.js:284:9)
	at Socket.Readable.push (internal/streams/readable.js:223:10)
	at Pipe.onStreamRead (internal/stream_base_commons.js:188:23)
[2021-10-17 00:02:40.119] [exthost] [error] [vscode.typescript-language-features] provider FAILED
[2021-10-17 00:02:40.119] [exthost] [error] Error: <semantic> TypeScript Server Error (4.4.4)
Debug Failure. Could not find symbol in specified module for code actions
Error: Debug Failure. Could not find symbol in specified module for code actions
    at getSymbolExportInfoForSymbol (/home/isidor/Projects/ts-test/node_modules/typescript/lib/tsserver.js:145285:29)
    at Object.getImportCompletionAction (/home/isidor/Projects/ts-test/node_modules/typescript/lib/tsserver.js:145261:20)
    at getCompletionEntryCodeActionsAndSourceDisplay (/home/isidor/Projects/ts-test/node_modules/typescript/lib/tsserver.js:126515:33)
    at Object.getCompletionEntryDetails (/home/isidor/Projects/ts-test/node_modules/typescript/lib/tsserver.js:126472:30)
    at Proxy.getCompletionEntryDetails (/home/isidor/Projects/ts-test/node_modules/typescript/lib/tsserver.js:156798:35)
    at /home/isidor/Projects/ts-test/node_modules/typescript/lib/tsserver.js:168262:57
    at Object.mapDefined (/home/isidor/Projects/ts-test/node_modules/typescript/lib/tsserver.js:616:30)
    at IOSession.Session.getCompletionEntryDetails (/home/isidor/Projects/ts-test/node_modules/typescript/lib/tsserver.js:168260:33)
    at Session.handlers.ts.Map.ts.getEntries._a.<computed> (/home/isidor/Projects/ts-test/node_modules/typescript/lib/tsserver.js:167087:61)
    at /home/isidor/Projects/ts-test/node_modules/typescript/lib/tsserver.js:168880:88
    at IOSession.Session.executeWithRequestId (/home/isidor/Projects/ts-test/node_modules/typescript/lib/tsserver.js:168871:28)
    at IOSession.Session.executeCommand (/home/isidor/Projects/ts-test/node_modules/typescript/lib/tsserver.js:168880:33)
    at IOSession.Session.onMessage (/home/isidor/Projects/ts-test/node_modules/typescript/lib/tsserver.js:168906:35)
    at Interface.<anonymous> (/home/isidor/Projects/ts-test/node_modules/typescript/lib/tsserver.js:171511:31)
    at Interface.emit (events.js:315:20)
    at Interface._onLine (readline.js:337:10)
    at Interface._normalWrite (readline.js:482:12)
    at Socket.ondata (readline.js:194:10)
    at Socket.emit (events.js:315:20)
    at addChunk (internal/streams/readable.js:309:12)
    at readableAddChunk (internal/streams/readable.js:284:9)
    at Socket.Readable.push (internal/streams/readable.js:223:10)
    at Pipe.onStreamRead (internal/stream_base_commons.js:188:23)
	at Function.create (/usr/lib/code/extensions/typescript-language-features/dist/extension.js:1:459856)
	at dispatchResponse (/usr/lib/code/extensions/typescript-language-features/dist/extension.js:1:453692)
	at dispatchMessage (/usr/lib/code/extensions/typescript-language-features/dist/extension.js:1:452549)
	at /usr/lib/code/extensions/typescript-language-features/dist/extension.js:1:452034
	at a.fire (/usr/lib/code/out/vs/workbench/services/extensions/node/extensionHostProcess.js:66:1712)
	at m.onLengthData (/usr/lib/code/extensions/typescript-language-features/dist/extension.js:1:462785)
	at Socket.<anonymous> (/usr/lib/code/extensions/typescript-language-features/dist/extension.js:1:462432)
	at Socket.emit (events.js:315:20)
	at addChunk (internal/streams/readable.js:309:12)
	at readableAddChunk (internal/streams/readable.js:284:9)
	at Socket.Readable.push (internal/streams/readable.js:223:10)
	at Pipe.onStreamRead (internal/stream_base_commons.js:188:23)
